<?xml version="1.0" encoding="UTF-8"?>
<!-- Generated by org.testng.reporters.JUnitXMLReporter -->
<testsuite hostname="DERIW42SLPC1327" ignored="0" name="Default test" tests="4" failures="0" timestamp="24 Mar 2019 10:49:08 GMT" time="0.076" errors="0">
  <testcase name="test2" time="0.011" classname="testngAnnotations.Module1"/>
  <testcase name="test1" time="0.006" classname="testngAnnotations.Module1"/>
  <testcase name="test3" time="0.003" classname="testngAnnotations.Module1"/>
  <testcase name="test4" time="0.002" classname="testngAnnotations.Module1"/>
</testsuite> <!-- Default test -->
