<?xml version="1.0" encoding="UTF-8"?>
<!-- Generated by org.testng.reporters.JUnitXMLReporter -->
<testsuite hostname="DERIW42SLPC1327" ignored="0" name="Test 1" tests="8" failures="0" timestamp="24 Mar 2019 11:01:33 GMT" time="0.091" errors="0">
  <testcase name="test1" time="0.009" classname="testngAnnotations.Module1"/>
  <testcase name="test2" time="0.003" classname="testngAnnotations.Module1"/>
  <testcase name="test3" time="0.003" classname="testngAnnotations.Module1"/>
  <testcase name="test4" time="0.003" classname="testngAnnotations.Module1"/>
  <testcase name="test2" time="0.002" classname="testngAnnotations.Module3"/>
  <testcase name="test1" time="0.002" classname="testngAnnotations.Module3"/>
  <testcase name="test3" time="0.001" classname="testngAnnotations.Module3"/>
  <testcase name="test4" time="0.002" classname="testngAnnotations.Module3"/>
</testsuite> <!-- Test 1 -->
